Intro_ah_here_we_are_at
Intro_gary_i_just_had_an_idea
Intro_hi_squidwood_ready_for_a
Intro_its_my_best_friend
Intro_like_a_calculator
Intro_look_spongebob
Intro_meow
Intro_oh_no_not_you_again
Intro_seanut_butter
Intro_todays_sunday
Intro_today_he_is_in_search
Intro_well_we_are_a_bit_busy
Intro_yipped_.._now

Krabs_hello_me_boy
Krabs_ill_be_in_my_quarters
Krabs_well_lad
Plankton_college
Plankton_gve_me_the_patty
Plankton_hand_me_crabby_patty
Plankton_mwahahhaha
Plankton_ouch
Plankton_this_stinks
Plankton_you_porous_freak
