CH3_blast_you_spongebreath
CH3_by_the_power_of_neptune
CH3_dadadadada
CH3_dipped_and_ready_to_go
CH3_gasp
CH3_hahahahahaha
CH3_ha_to_the_kelp_jungle
CH3_look_what_Ive_got_for_you
CH3_look_you_are_bugging_me
CH3_patrick
CH3_surprise_Im_back
CH3_tarzan
CH3_that_is_amazing
CH3_uh_oh_those_plants
CH3_uniforms
CH3_whats_that_smell

DutchMan_bet_your_livers
DutchMan_haha_you_scallywags
DutchMan_im_gonna_steal_your_soul
DutchMan_wahaha
Party_happy_birthaday_patrick
Party_stand_still
Party_today_is_my_birtday_hmmmm
